Build started 2015-11-25 10:50:08 AM.
     1>Project "H:\Documents\School\Assignment 3\Mass-Spring Demo\Mass-Spring Demo\Mass-Spring Demo.vcxproj" on node 2 (Build target(s)).
     1>ClCompile:
         E:\Program Files\Microsoft Visual Studio 12.0\VC\bin\CL.exe /c /ZI /nologo /W3 /WX- /Od /Oy- /D WIN32 /D _DEBUG /D _CONSOLE /D _LIB /D _UNICODE /D UNICODE /Gm /EHsc /RTC1 /MDd /GS /fp:precise /Zc:wchar_t /Zc:forScope /Fo"Debug\\" /Fd"Debug\vc120.pdb" /Gd /TP /analyze- /errorReport:prompt GOBJ.cpp MassSpring.cpp main.cpp
         main.cpp
     1>h:\documents\school\assignment 3\mass-spring demo\mass-spring demo\spring.h(18): warning C4244: '=' : conversion from 'GLfloat' to 'GLint', possible loss of data
     1>h:\documents\school\assignment 3\mass-spring demo\mass-spring demo\spring.h(19): warning C4244: '=' : conversion from 'GLfloat' to 'GLint', possible loss of data
     1>h:\documents\school\assignment 3\mass-spring demo\mass-spring demo\spring.h(25): warning C4244: '=' : conversion from 'GLfloat' to 'GLint', possible loss of data
     1>h:\documents\school\assignment 3\mass-spring demo\mass-spring demo\spring.h(26): warning C4244: '=' : conversion from 'GLfloat' to 'GLint', possible loss of data
     1>h:\documents\school\assignment 3\mass-spring demo\mass-spring demo\main.cpp(53): warning C4996: 'fopen': This function or variable may be unsafe. Consider using fopen_s instead. To disable deprecation, use _CRT_SECURE_NO_WARNINGS. See online help for details.
                 e:\program files\microsoft visual studio 12.0\vc\include\stdio.h(211) : see declaration of 'fopen'
         MassSpring.cpp
     1>h:\documents\school\assignment 3\mass-spring demo\mass-spring demo\spring.h(18): warning C4244: '=' : conversion from 'GLfloat' to 'GLint', possible loss of data
     1>h:\documents\school\assignment 3\mass-spring demo\mass-spring demo\spring.h(19): warning C4244: '=' : conversion from 'GLfloat' to 'GLint', possible loss of data
     1>h:\documents\school\assignment 3\mass-spring demo\mass-spring demo\spring.h(25): warning C4244: '=' : conversion from 'GLfloat' to 'GLint', possible loss of data
     1>h:\documents\school\assignment 3\mass-spring demo\mass-spring demo\spring.h(26): warning C4244: '=' : conversion from 'GLfloat' to 'GLint', possible loss of data
     1>h:\documents\school\assignment 3\mass-spring demo\mass-spring demo\massspring.cpp(34): warning C4244: 'argument' : conversion from 'GLuint' to 'GLfloat', possible loss of data
     1>h:\documents\school\assignment 3\mass-spring demo\mass-spring demo\massspring.cpp(61): warning C4244: 'argument' : conversion from 'unsigned int' to 'GLfloat', possible loss of data
     1>h:\documents\school\assignment 3\mass-spring demo\mass-spring demo\massspring.cpp(62): warning C4244: 'argument' : conversion from 'unsigned int' to 'GLfloat', possible loss of data
     1>h:\documents\school\assignment 3\mass-spring demo\mass-spring demo\massspring.cpp(63): warning C4244: 'argument' : conversion from 'unsigned int' to 'GLfloat', possible loss of data
         GOBJ.cpp
         Generating Code...
       Link:
         E:\Program Files\Microsoft Visual Studio 12.0\VC\bin\link.exe /ERRORREPORT:PROMPT /OUT:"H:\Documents\School\Assignment 3\Mass-Spring Demo\Debug\Mass-Spring Demo.exe" /INCREMENTAL /NOLOGO glew32.lib glew32s.lib glfw3.lib opengl32.lib kernel32.lib user32.lib gdi32.lib winspool.lib comdlg32.lib advapi32.lib shell32.lib ole32.lib oleaut32.lib uuid.lib odbc32.lib odbccp32.lib glew32.lib glew32s.lib glfw3.lib opengl32.lib kernel32.lib user32.lib gdi32.lib winspool.lib comdlg32.lib advapi32.lib shell32.lib ole32.lib oleaut32.lib uuid.lib odbc32.lib odbccp32.lib /MANIFEST /MANIFESTUAC:"level='asInvoker' uiAccess='false'" /manifest:embed /DEBUG /PDB:"H:\Documents\School\Assignment 3\Mass-Spring Demo\Debug\Mass-Spring Demo.pdb" /SUBSYSTEM:CONSOLE /TLBID:1 /DYNAMICBASE /NXCOMPAT /IMPLIB:"H:\Documents\School\Assignment 3\Mass-Spring Demo\Debug\Mass-Spring Demo.lib" /MACHINE:X86 Debug\GOBJ.obj
         Debug\main.obj
         Debug\MassSpring.obj
     1>LINK : warning LNK4098: defaultlib 'LIBCMTD' conflicts with use of other libs; use /NODEFAULTLIB:library
     1>glfw3.lib(context.obj) : warning LNK4099: PDB 'vc110.pdb' was not found with 'glfw3.lib(context.obj)' or at 'H:\Documents\School\Assignment 3\Mass-Spring Demo\Debug\vc110.pdb'; linking object as if no debug info
     1>glfw3.lib(init.obj) : warning LNK4099: PDB 'vc110.pdb' was not found with 'glfw3.lib(init.obj)' or at 'H:\Documents\School\Assignment 3\Mass-Spring Demo\Debug\vc110.pdb'; linking object as if no debug info
     1>glfw3.lib(input.obj) : warning LNK4099: PDB 'vc110.pdb' was not found with 'glfw3.lib(input.obj)' or at 'H:\Documents\School\Assignment 3\Mass-Spring Demo\Debug\vc110.pdb'; linking object as if no debug info
     1>glfw3.lib(monitor.obj) : warning LNK4099: PDB 'vc110.pdb' was not found with 'glfw3.lib(monitor.obj)' or at 'H:\Documents\School\Assignment 3\Mass-Spring Demo\Debug\vc110.pdb'; linking object as if no debug info
     1>glfw3.lib(window.obj) : warning LNK4099: PDB 'vc110.pdb' was not found with 'glfw3.lib(window.obj)' or at 'H:\Documents\School\Assignment 3\Mass-Spring Demo\Debug\vc110.pdb'; linking object as if no debug info
     1>glfw3.lib(win32_init.obj) : warning LNK4099: PDB 'vc110.pdb' was not found with 'glfw3.lib(win32_init.obj)' or at 'H:\Documents\School\Assignment 3\Mass-Spring Demo\Debug\vc110.pdb'; linking object as if no debug info
     1>glfw3.lib(win32_monitor.obj) : warning LNK4099: PDB 'vc110.pdb' was not found with 'glfw3.lib(win32_monitor.obj)' or at 'H:\Documents\School\Assignment 3\Mass-Spring Demo\Debug\vc110.pdb'; linking object as if no debug info
     1>glfw3.lib(win32_time.obj) : warning LNK4099: PDB 'vc110.pdb' was not found with 'glfw3.lib(win32_time.obj)' or at 'H:\Documents\School\Assignment 3\Mass-Spring Demo\Debug\vc110.pdb'; linking object as if no debug info
     1>glfw3.lib(win32_tls.obj) : warning LNK4099: PDB 'vc110.pdb' was not found with 'glfw3.lib(win32_tls.obj)' or at 'H:\Documents\School\Assignment 3\Mass-Spring Demo\Debug\vc110.pdb'; linking object as if no debug info
     1>glfw3.lib(win32_window.obj) : warning LNK4099: PDB 'vc110.pdb' was not found with 'glfw3.lib(win32_window.obj)' or at 'H:\Documents\School\Assignment 3\Mass-Spring Demo\Debug\vc110.pdb'; linking object as if no debug info
     1>glfw3.lib(winmm_joystick.obj) : warning LNK4099: PDB 'vc110.pdb' was not found with 'glfw3.lib(winmm_joystick.obj)' or at 'H:\Documents\School\Assignment 3\Mass-Spring Demo\Debug\vc110.pdb'; linking object as if no debug info
     1>glfw3.lib(wgl_context.obj) : warning LNK4099: PDB 'vc110.pdb' was not found with 'glfw3.lib(wgl_context.obj)' or at 'H:\Documents\School\Assignment 3\Mass-Spring Demo\Debug\vc110.pdb'; linking object as if no debug info
         Mass-Spring Demo.vcxproj -> H:\Documents\School\Assignment 3\Mass-Spring Demo\Debug\Mass-Spring Demo.exe
     1>Done Building Project "H:\Documents\School\Assignment 3\Mass-Spring Demo\Mass-Spring Demo\Mass-Spring Demo.vcxproj" (Build target(s)).

Build succeeded.

Time Elapsed 00:00:04.90
